Arguments: 
  C:\Program Files\nodejs\node.exe C:\Program Files\nodejs\node_modules\yarn\bin\yarn.js add express express-file-storage multer

PATH: 
  C:\Program Files\Zulu\zulu-8\bin\;C:\Python27\;C:\Python27\Scripts;C:\Windows\system32;C:\Windows;C:\Windows\System32\Wbem;C:\Windows\System32\WindowsPowerShell\v1.0\;C:\Windows\System32\OpenSSH\;C:\Users\aleks\AppData\Roaming\nvm;C:\Program Files\nodejs;C:\Program Files (x86)\NVIDIA Corporation\PhysX\Common;C:\Program Files\Git\cmd;C:\Program Files\Docker\Docker\resources\bin;C:\ProgramData\DockerDesktop\version-bin;C:\Users\aleks\.cargo\bin;C:\Ruby30-x64\bin;C:\Users\aleks\AppData\Local\Microsoft\WindowsApps;C:\Users\aleks\AppData\Local\Programs\Microsoft VS Code\bin;C:\Users\aleks\AppData\Local\Android\Sdk\emulator;C:\Users\aleks\AppData\Local\Android\Sdk\platform-tools;C:\Users\aleks\AppData\Local\Android\Sdk\tools;C:\Program Files\Git\mingw64\bin;C:\Users\aleks\AppData\Local\Android\Sdk\cmdline-tools\latest\bin;C:\Users\aleks\flutter_windows_3.0.1-stable\flutter\bin

Yarn version: 
  1.22.19

Node version: 
  16.15.1

Platform: 
  win32 x64

Trace: 
  Error: https://registry.yarnpkg.com/express-file-storage: Not found
      at Request.params.callback [as _callback] (C:\Users\aleks\AppData\Roaming\nvm\v16.15.1\node_modules\yarn\lib\cli.js:66145:18)
      at Request.self.callback (C:\Users\aleks\AppData\Roaming\nvm\v16.15.1\node_modules\yarn\lib\cli.js:140890:22)
      at Request.emit (node:events:527:28)
      at Request.<anonymous> (C:\Users\aleks\AppData\Roaming\nvm\v16.15.1\node_modules\yarn\lib\cli.js:141862:10)
      at Request.emit (node:events:527:28)
      at IncomingMessage.<anonymous> (C:\Users\aleks\AppData\Roaming\nvm\v16.15.1\node_modules\yarn\lib\cli.js:141784:12)
      at Object.onceWrapper (node:events:641:28)
      at IncomingMessage.emit (node:events:539:35)
      at endReadableNT (node:internal/streams/readable:1345:12)
      at processTicksAndRejections (node:internal/process/task_queues:83:21)

npm manifest: 
  {
    "name": "file-storage",
    "version": "0.0.0",
    "description": "File storage my dude",
    "main": "index.js",
    "scripts": {
      "test": "echo \"Error: no test specified\" && exit 1"
    },
    "author": "",
    "license": "ISC"
  }

yarn manifest: 
  No manifest

Lockfile: 
  No lockfile
